[    0.000000] Initializing cgroup subsys cpuset
[    0.000000] Initializing cgroup subsys cpu
[    0.000000] Initializing cgroup subsys cpuacct
[    0.000000] Linux version 4.4.0-141-generic (buildd@lcy01-amd64-027) (gcc version 5.4.0 20160609 (Ubuntu 5.4.0-6ubuntu1~16.04.10) ) #167-Ubuntu SMP Wed Dec 5 10:38:08 UTC 2018 (Ubuntu 4.4.0-141.167-generic 4.4.162)
[    0.000000] KERNEL supported cpus:
[    0.000000]   Intel GenuineIntel
[    0.000000]   AMD AuthenticAMD
[    0.000000]   NSC Geode by NSC
[    0.000000]   Cyrix CyrixInstead
[    0.000000]   Centaur CentaurHauls
[    0.000000]   Transmeta GenuineTMx86
[    0.000000]   Transmeta TransmetaCPU
[    0.000000]   UMC UMC UMC UMC
[    0.000000] x86/fpu: xstate_offset[2]:  576, xstate_sizes[2]:  256
[    0.000000] x86/fpu: Supporting XSAVE feature 0x01: 'x87 floating point registers'
[    0.000000] x86/fpu: Supporting XSAVE feature 0x02: 'SSE registers'
[    0.000000] x86/fpu: Supporting XSAVE feature 0x04: 'AVX registers'
[    0.000000] x86/fpu: Enabled xstate features 0x7, context size is 832 bytes, using 'standard' format.
[    0.000000] e820: BIOS-provided physical RAM map:
[    0.000000] BIOS-e820: [mem 0x0000000000000000-0x000000000009fbff] usable
[    0.000000] BIOS-e820: [mem 0x000000000009fc00-0x000000000009ffff] reserved
[    0.000000] BIOS-e820: [mem 0x00000000000f0000-0x00000000000fffff] reserved
[    0.000000] BIOS-e820: [mem 0x0000000000100000-0x000000001ffeffff] usable
[    0.000000] BIOS-e820: [mem 0x000000001fff0000-0x000000001fffffff] ACPI data
[    0.000000] BIOS-e820: [mem 0x00000000fec00000-0x00000000fec00fff] reserved
[    0.000000] BIOS-e820: [mem 0x00000000fee00000-0x00000000fee00fff] reserved
[    0.000000] BIOS-e820: [mem 0x00000000fffc0000-0x00000000ffffffff] reserved
[    0.000000] NX (Execute Disable) protection: active
[    0.000000] SMBIOS 2.5 present.
[    0.000000] Hypervisor detected: KVM
[    0.000000] e820: last_pfn = 0x1fff0 max_arch_pfn = 0x1000000
[    0.000000] MTRR: Disabled
[    0.000000] x86/PAT: MTRRs disabled, skipping PAT initialization too.
[    0.000000] CPU MTRRs all blank - virtualized system.
[    0.000000] x86/PAT: Configuration [0-7]: WB  WT  UC- UC  WB  WT  UC- UC  
[    0.000000] found SMP MP-table at [mem 0x0009fff0-0x0009ffff] mapped at [c009fff0]
[    0.000000] Scanning 1 areas for low memory corruption
[    0.000000] RAMDISK: [mem 0x1e8e4000-0x1f74dfff]
[    0.000000] ACPI: Early table checksum verification disabled
[    0.000000] ACPI: RSDP 0x00000000000E0000 000024 (v02 VBOX  )
[    0.000000] ACPI: XSDT 0x000000001FFF0030 00003C (v01 VBOX   VBOXXSDT 00000001 ASL  00000061)
[    0.000000] ACPI: FACP 0x000000001FFF00F0 0000F4 (v04 VBOX   VBOXFACP 00000001 ASL  00000061)
[    0.000000] ACPI: DSDT 0x000000001FFF0470 0021FF (v02 VBOX   VBOXBIOS 00000002 INTL 20100528)
[    0.000000] ACPI: FACS 0x000000001FFF0200 000040
[    0.000000] ACPI: FACS 0x000000001FFF0200 000040
[    0.000000] ACPI: APIC 0x000000001FFF0240 000054 (v02 VBOX   VBOXAPIC 00000001 ASL  00000061)
[    0.000000] ACPI: SSDT 0x000000001FFF02A0 0001CC (v01 VBOX   VBOXCPUT 00000002 INTL 20100528)
[    0.000000] 0MB HIGHMEM available.
[    0.000000] 511MB LOWMEM available.
[    0.000000]   mapped low ram: 0 - 1fff0000
[    0.000000]   low ram: 0 - 1fff0000
[    0.000000] kvm-clock: Using msrs 4b564d01 and 4b564d00
[    0.000000] kvm-clock: cpu 0, msr 0:1ffef001, primary cpu clock
[    0.000000] kvm-clock: using sched offset of 4590386125 cycles
[    0.000000] clocksource: kvm-clock: mask: 0xffffffffffffffff max_cycles: 0x1cd42e4dffb, max_idle_ns: 881590591483 ns
[    0.000000] Zone ranges:
[    0.000000]   DMA      [mem 0x0000000000001000-0x0000000000ffffff]
[    0.000000]   Normal   [mem 0x0000000001000000-0x000000001ffeffff]
[    0.000000]   HighMem  empty
[    0.000000] Movable zone start for each node
[    0.000000] Early memory node ranges
[    0.000000]   node   0: [mem 0x0000000000001000-0x000000000009efff]
[    0.000000]   node   0: [mem 0x0000000000100000-0x000000001ffeffff]
[    0.000000] Initmem setup node 0 [mem 0x0000000000001000-0x000000001ffeffff]
[    0.000000] Using APIC driver default
[    0.000000] ACPI: PM-Timer IO Port: 0x4008
[    0.000000] IOAPIC[0]: apic_id 1, version 32, address 0xfec00000, GSI 0-23
[    0.000000] ACPI: INT_SRC_OVR (bus 0 bus_irq 0 global_irq 2 dfl dfl)
[    0.000000] ACPI: INT_SRC_OVR (bus 0 bus_irq 9 global_irq 9 low level)
[    0.000000] Using ACPI (MADT) for SMP configuration information
[    0.000000] smpboot: Allowing 1 CPUs, 0 hotplug CPUs
[    0.000000] PM: Registered nosave memory: [mem 0x00000000-0x00000fff]
[    0.000000] PM: Registered nosave memory: [mem 0x0009f000-0x0009ffff]
[    0.000000] PM: Registered nosave memory: [mem 0x000a0000-0x000effff]
[    0.000000] PM: Registered nosave memory: [mem 0x000f0000-0x000fffff]
[    0.000000] e820: [mem 0x20000000-0xfebfffff] available for PCI devices
[    0.000000] Booting paravirtualized kernel on KVM
[    0.000000] clocksource: refined-jiffies: mask: 0xffffffff max_cycles: 0xffffffff, max_idle_ns: 7645519600211568 ns
[    0.000000] setup_percpu: NR_CPUS:8 nr_cpumask_bits:8 nr_cpu_ids:1 nr_node_ids:1
[    0.000000] PERCPU: Embedded 19 pages/cpu @dfac1000 s47436 r0 d30388 u77824
[    0.000000] PV qspinlock hash table entries: 512 (order: 0, 4096 bytes)
[    0.000000] Built 1 zonelists in Zone order, mobility grouping on.  Total pages: 129678
[    0.000000] Kernel command line: BOOT_IMAGE=/boot/vmlinuz-4.4.0-141-generic root=UUID=dcc58471-b547-4f3b-b5c9-0d863e3419a7 ro console=tty1 console=ttyS0
[    0.000000] PID hash table entries: 2048 (order: 1, 8192 bytes)
[    0.000000] Dentry cache hash table entries: 65536 (order: 6, 262144 bytes)
[    0.000000] Inode-cache hash table entries: 32768 (order: 5, 131072 bytes)
[    0.000000] Initializing CPU#0
[    0.000000] Initializing HighMem for node 0 (00000000:00000000)
[    0.000000] Memory: 489396K/523832K available (8052K kernel code, 778K rwdata, 3180K rodata, 952K init, 800K bss, 34436K reserved, 0K cma-reserved, 0K highmem)
[    0.000000] virtual kernel memory layout:
[    0.000000]     fixmap  : 0xfff15000 - 0xfffff000   ( 936 kB)
[    0.000000]     pkmap   : 0xffc00000 - 0xffe00000   (2048 kB)
[    0.000000]     vmalloc : 0xe07f0000 - 0xffbfe000   ( 500 MB)
[    0.000000]     lowmem  : 0xc0000000 - 0xdfff0000   ( 511 MB)
[    0.000000]       .init : 0xc1bbe000 - 0xc1cac000   ( 952 kB)
[    0.000000]       .data : 0xc17dd3c4 - 0xc1bbc9c0   (3965 kB)
[    0.000000]       .text : 0xc1000000 - 0xc17dd3c4   (8052 kB)
[    0.000000] Checking if this processor honours the WP bit even in supervisor mode...Ok.
[    0.000000] SLUB: HWalign=64, Order=0-3, MinObjects=0, CPUs=1, Nodes=1
[    0.000000] Hierarchical RCU implementation.
[    0.000000] 	Build-time adjustment of leaf fanout to 32.
[    0.000000] 	RCU restricting CPUs from NR_CPUS=8 to nr_cpu_ids=1.
[    0.000000] RCU: Adjusting geometry for rcu_fanout_leaf=32, nr_cpu_ids=1
[    0.000000] NR_IRQS:2304 nr_irqs:256 16
[    0.000000] Console: colour VGA+ 80x25
[    0.000000] console [tty1] enabled
[    0.000000] console [ttyS0] enabled
[    0.000000] allocated 524288 bytes of page_ext
[    0.000000] tsc: Detected 2394.464 MHz processor
[    0.664514] Calibrating delay loop (skipped) preset value.. 4788.92 BogoMIPS (lpj=9577856)
[    0.679762] pid_max: default: 32768 minimum: 301
[    0.682970] ACPI: Core revision 20150930
[    0.695333] ACPI: 2 ACPI AML tables successfully acquired and loaded
[    0.707232] Security Framework initialized
[    0.714327] Yama: becoming mindful.
[    0.715650] AppArmor: AppArmor initialized
[    0.717225] Mount-cache hash table entries: 1024 (order: 0, 4096 bytes)
[    0.719287] Mountpoint-cache hash table entries: 1024 (order: 0, 4096 bytes)
[    0.734413] Initializing cgroup subsys io
[    0.736943] Initializing cgroup subsys memory
[    0.738502] Initializing cgroup subsys devices
[    0.743924] Initializing cgroup subsys freezer
[    0.755931] Initializing cgroup subsys net_cls
[    0.760082] Initializing cgroup subsys perf_event
[    0.769956] Initializing cgroup subsys net_prio
[    0.776947] Initializing cgroup subsys hugetlb
[    0.785074] Initializing cgroup subsys pids
[    0.801836] mce: CPU supports 0 MCE banks
[    0.803557] process: using mwait in idle threads
[    0.805587] Last level iTLB entries: 4KB 1024, 2MB 1024, 4MB 1024
[    0.809688] Last level dTLB entries: 4KB 1024, 2MB 1024, 4MB 1024, 1GB 4
[    0.817657] Spectre V2 : Mitigation: Full generic retpoline
[    0.824601] Spectre V2 : Spectre v2 mitigation: Speculation control IBPB not-supported IBRS not-supported
[    0.833162] Spectre V2 : Spectre v2 / SpectreRSB mitigation: Filling RSB on context switch
[    0.836485] Speculative Store Bypass: Vulnerable
[    0.870539] Freeing SMP alternatives memory: 32K
[    0.885611] ftrace: allocating 31566 entries in 62 pages
[    0.986426] smpboot: APIC(0) Converting physical 0 to logical package 0
[    0.988636] smpboot: Max logical packages: 1
[    0.990389] Enabling APIC mode:  Flat.  Using 1 I/O APICs
[    0.996066] ..TIMER: vector=0x30 apic1=0 pin1=2 apic2=-1 pin2=-1
[    1.107235] smpboot: CPU0: Intel(R) Core(TM) i7-4700HQ CPU @ 2.40GHz (family: 0x6, model: 0x3c, stepping: 0x3)
[    1.110821] Performance Events: unsupported p6 CPU model 60 no PMU driver, software events only.
[    1.113939] KVM setup paravirtual spinlock
[    1.116314] x86: Booted up 1 node, 1 CPUs
[    1.117702] smpboot: Total of 1 processors activated (4788.92 BogoMIPS)
[    1.120039] devtmpfs: initialized
[    1.121619] evm: security.selinux
[    1.122844] evm: security.SMACK64
[    1.124077] evm: security.SMACK64EXEC
[    1.125438] evm: security.SMACK64TRANSMUTE
[    1.130726] evm: security.SMACK64MMAP
[    1.132061] evm: security.ima
[    1.134435] evm: security.capability
[    1.136013] clocksource: jiffies: mask: 0xffffffff max_cycles: 0xffffffff, max_idle_ns: 7645041785100000 ns
[    1.140019] futex hash table entries: 256 (order: 2, 16384 bytes)
[    1.144564] pinctrl core: initialized pinctrl subsystem
[    1.150218] RTC time: 16:20:20, date: 01/06/19
[    1.151924] NET: Registered protocol family 16
[    1.163916] EISA bus registered
[    1.167199] cpuidle: using governor ladder
[    1.170461] cpuidle: using governor menu
[    1.176135] PCCT header not found.
[    1.182378] ACPI: bus type PCI registered
[    1.184213] acpiphp: ACPI Hot Plug PCI Controller Driver version: 0.5
[    1.192967] PCI : PCI BIOS area is rw and x. Use pci=nobios if you want it NX.
[    1.204178] PCI: PCI BIOS revision 2.10 entry at 0xfda26, last bus=0
[    1.213441] PCI: Using configuration type 1 for base access
[    1.219257] ACPI: Added _OSI(Module Device)
[    1.226608] ACPI: Added _OSI(Processor Device)
[    1.228494] ACPI: Added _OSI(3.0 _SCP Extensions)
[    1.230335] ACPI: Added _OSI(Processor Aggregator Device)
[    1.238705] ACPI: Executed 1 blocks of module-level executable AML code
[    1.256089] ACPI: Interpreter enabled
[    1.257866] ACPI: (supports S0 S5)
[    1.259613] ACPI: Using IOAPIC for interrupt routing
[    1.262159] PCI: Using host bridge windows from ACPI; if necessary, use "pci=nocrs" and report a bug
[    1.276122] ACPI: PCI Root Bridge [PCI0] (domain 0000 [bus 00-ff])
[    1.302784] acpi PNP0A03:00: _OSC: OS supports [ASPM ClockPM Segments MSI]
[    1.310614] acpi PNP0A03:00: _OSC: not requesting OS control; OS requires [ExtendedConfig ASPM ClockPM MSI]
[    1.314458] acpi PNP0A03:00: fail to add MMCONFIG information, can't access extended PCI configuration space under this bridge.
[    1.320204] PCI host bridge to bus 0000:00
[    1.321827] pci_bus 0000:00: root bus resource [io  0x0000-0x0cf7 window]
[    1.324281] pci_bus 0000:00: root bus resource [io  0x0d00-0xffff window]
[    1.327746] pci_bus 0000:00: root bus resource [mem 0x000a0000-0x000bffff window]
[    1.330992] pci_bus 0000:00: root bus resource [mem 0x20000000-0xfdffffff window]
[    1.334350] pci_bus 0000:00: root bus resource [bus 00-ff]
[    1.339835] pci 0000:00:01.1: legacy IDE quirk: reg 0x10: [io  0x01f0-0x01f7]
[    1.342099] pci 0000:00:01.1: legacy IDE quirk: reg 0x14: [io  0x03f6]
[    1.344090] pci 0000:00:01.1: legacy IDE quirk: reg 0x18: [io  0x0170-0x0177]
[    1.346324] pci 0000:00:01.1: legacy IDE quirk: reg 0x1c: [io  0x0376]
[    1.360541] pci 0000:00:07.0: quirk: [io  0x4000-0x403f] claimed by PIIX4 ACPI
[    1.363249] pci 0000:00:07.0: quirk: [io  0x4100-0x410f] claimed by PIIX4 SMB
[    1.373506] ACPI: PCI Interrupt Link [LNKA] (IRQs 5 9 10 *11)
[    1.378841] ACPI: PCI Interrupt Link [LNKB] (IRQs 5 9 *10 11)
[    1.384011] ACPI: PCI Interrupt Link [LNKC] (IRQs 5 *9 10 11)
[    1.387337] ACPI: PCI Interrupt Link [LNKD] (IRQs 5 9 10 *11)
[    1.390853] ACPI: Enabled 2 GPEs in block 00 to 07
[    1.394006] vgaarb: setting as boot device: PCI:0000:00:02.0
[    1.396788] vgaarb: device added: PCI:0000:00:02.0,decodes=io+mem,owns=io+mem,locks=none
[    1.400562] vgaarb: loaded
[    1.401983] vgaarb: bridge control possible 0000:00:02.0
[    1.404568] SCSI subsystem initialized
[    1.406215] ACPI: bus type USB registered
[    1.407903] usbcore: registered new interface driver usbfs
[    1.411156] usbcore: registered new interface driver hub
[    1.413272] usbcore: registered new device driver usb
[    1.419100] PCI: Using ACPI for IRQ routing
[    1.430149] NetLabel: Initializing
[    1.431398] NetLabel:  domain hash size = 128
[    1.432914] NetLabel:  protocols = UNLABELED CIPSOv4
[    1.435818] NetLabel:  unlabeled traffic allowed by default
[    1.442801] amd_nb: Cannot enumerate AMD northbridges
[    1.444577] clocksource: Switched to clocksource kvm-clock
[    1.472305] AppArmor: AppArmor Filesystem Enabled
[    1.475512] pnp: PnP ACPI init
[    1.478815] pnp: PnP ACPI: found 3 devices
[    1.480473] PnPBIOS: Disabled by ACPI PNP
[    1.520343] clocksource: acpi_pm: mask: 0xffffff max_cycles: 0xffffff, max_idle_ns: 2085701024 ns
[    1.528242] NET: Registered protocol family 2
[    1.531498] TCP established hash table entries: 4096 (order: 2, 16384 bytes)
[    1.533678] TCP bind hash table entries: 4096 (order: 3, 32768 bytes)
[    1.538096] TCP: Hash tables configured (established 4096 bind 4096)
[    1.540334] UDP hash table entries: 256 (order: 1, 8192 bytes)
[    1.542698] UDP-Lite hash table entries: 256 (order: 1, 8192 bytes)
[    1.544895] NET: Registered protocol family 1
[    1.546772] pci 0000:00:00.0: Limiting direct PCI/PCI transfers
[    1.549014] pci 0000:00:01.0: Activating ISA DMA hang workarounds
[    1.552250] Unpacking initramfs...
[    2.170919] Freeing initrd memory: 14760K
[    2.173170] RAPL PMU detected, API unit is 2^-32 Joules, 4 fixed counters 10737418240 ms ovfl timer
[    2.190485] hw unit of domain pp0-core 2^-0 Joules
[    2.199270] hw unit of domain package 2^-0 Joules
[    2.207742] hw unit of domain dram 2^-0 Joules
[    2.209970] hw unit of domain pp1-gpu 2^-0 Joules
[    2.212065] platform rtc_cmos: registered platform RTC device (no PNP device found)
[    2.215469] Scanning for low memory corruption every 60 seconds
[    2.218475] audit: initializing netlink subsys (disabled)
[    2.220679] audit: type=2000 audit(1546791627.358:1): initialized
[    2.223613] Initialise system trusted keyring
[    2.225598] HugeTLB registered 2 MB page size, pre-allocated 0 pages
[    2.230484] zbud: loaded
[    2.231756] VFS: Disk quotas dquot_6.6.0
[    2.233198] VFS: Dquot-cache hash table entries: 1024 (order 0, 4096 bytes)
[    2.235868] squashfs: version 4.0 (2009/01/31) Phillip Lougher
[    2.238148] fuse init (API version 7.23)
[    2.239993] Key type big_key registered
[    2.243537] Allocating IMA MOK and blacklist keyrings.
[    2.245631] Key type asymmetric registered
[    2.247117] Asymmetric key parser 'x509' registered
[    2.249321] bounce: pool size: 64 pages
[    2.250775] Block layer SCSI generic (bsg) driver version 0.4 loaded (major 249)
[    2.253607] io scheduler noop registered
[    2.255252] io scheduler deadline registered (default)
[    2.257564] io scheduler cfq registered
[    2.259349] pci_hotplug: PCI Hot Plug PCI Core version: 0.5
[    2.261220] pciehp: PCI Express Hot Plug Controller Driver version: 0.4
[    2.263375] ACPI: AC Adapter [AC] (on-line)
[    2.264937] input: Power Button as /devices/LNXSYSTM:00/LNXPWRBN:00/input/input0
[    2.267507] ACPI: Power Button [PWRF]
[    2.269022] input: Sleep Button as /devices/LNXSYSTM:00/LNXSLPBN:00/input/input1
[    2.272045] ACPI: Sleep Button [SLPF]
[    2.275606] ACPI: Battery Slot [BAT0] (battery present)
[    2.278168] GHES: HEST is not enabled!
[    2.280053] Serial: 8250/16550 driver, 32 ports, IRQ sharing enabled
[    2.283089] isapnp: Scanning for PnP cards...
[    2.314392] 00:02: ttyS0 at I/O 0x3f8 (irq = 4, base_baud = 115200) is a 16550A
[    2.363745] Linux agpgart interface v0.103
[    2.375716] loop: module loaded
[    2.426936] scsi host0: ata_piix
[    2.432575] scsi host1: ata_piix
[    2.434206] ata1: PATA max UDMA/33 cmd 0x1f0 ctl 0x3f6 bmdma 0xd000 irq 14
[    2.443612] ata2: PATA max UDMA/33 cmd 0x170 ctl 0x376 bmdma 0xd008 irq 15
[    2.448480] libphy: Fixed MDIO Bus: probed
[    2.453943] tun: Universal TUN/TAP device driver, 1.6
[    2.464685] tun: (C) 1999-2004 Max Krasnyansky <maxk@qualcomm.com>
[    2.473277] PPP generic driver version 2.4.2
[    2.523392] ehci_hcd: USB 2.0 'Enhanced' Host Controller (EHCI) Driver
[    2.530825] ehci-pci: EHCI PCI platform driver
[    2.542708] ehci-platform: EHCI generic platform driver
[    2.545796] ohci_hcd: USB 1.1 'Open' Host Controller (OHCI) Driver
[    2.547834] ohci-pci: OHCI PCI platform driver
[    2.549308] ohci-platform: OHCI generic platform driver
[    2.561055] uhci_hcd: USB Universal Host Controller Interface driver
[    2.563171] i8042: PNP: PS/2 Controller [PNP0303:PS2K,PNP0f03:PS2M] at 0x60,0x64 irq 1,12
[    2.620138] serio: i8042 KBD port at 0x60,0x64 irq 1
[    2.625868] serio: i8042 AUX port at 0x60,0x64 irq 12
[    2.630375] mousedev: PS/2 mouse device common for all mice
[    2.635548] input: AT Translated Set 2 keyboard as /devices/platform/i8042/serio0/input/input2
[    2.644888] rtc_cmos rtc_cmos: rtc core: registered rtc_cmos as rtc0
[    2.646984] rtc_cmos rtc_cmos: alarms up to one day, 114 bytes nvram
[    2.649103] i2c /dev entries driver
[    2.650600] device-mapper: uevent: version 1.0.3
[    2.652409] device-mapper: ioctl: 4.34.0-ioctl (2015-10-28) initialised: dm-devel@redhat.com
[    2.655209] platform eisa.0: Probing EISA bus 0
[    2.656763] platform eisa.0: EISA: Cannot allocate resource for mainboard
[    2.703151] platform eisa.0: Cannot allocate resource for EISA slot 1
[    2.717151] platform eisa.0: Cannot allocate resource for EISA slot 2
[    2.721184] platform eisa.0: Cannot allocate resource for EISA slot 3
[    2.729594] platform eisa.0: Cannot allocate resource for EISA slot 4
[    2.740548] platform eisa.0: Cannot allocate resource for EISA slot 5
[    2.792049] platform eisa.0: Cannot allocate resource for EISA slot 6
[    2.794610] platform eisa.0: Cannot allocate resource for EISA slot 7
[    2.808954] platform eisa.0: Cannot allocate resource for EISA slot 8
[    2.813601] platform eisa.0: EISA: Detected 0 cards
[    2.815182] cpufreq-nforce2: No nForce2 chipset.
[    2.816799] ledtrig-cpu: registered to indicate activity on CPUs
[    2.826222] NET: Registered protocol family 10
[    2.828540] NET: Registered protocol family 17
[    2.830323] Key type dns_resolver registered
[    2.885733] Using IPI No-Shortcut mode
[    2.889123] registered taskstats version 1
[    2.897116] Loading compiled-in X.509 certificates
[    2.902136] Loaded X.509 cert 'Build time autogenerated kernel key: 8ee7231a1e42e4b4a17d0e4b95c66ffe15d3b32e'
[    2.905362] zswap: loaded using pool lzo/zbud
[    2.919169] Key type trusted registered
[    2.971028] isapnp: No Plug & Play device found
[    2.984354] Key type encrypted registered
[    2.990650] AppArmor: AppArmor sha1 policy hashing enabled
[    2.993075] ima: No TPM chip found, activating TPM-bypass!
[    2.997063] ima: Allocated hash algorithm: sha1
[    3.001396] evm: HMAC attrs: 0x1
[    3.004536]   Magic number: 3:387:337
[    3.011501] tty tty58: hash matches
[    3.013286] rtc_cmos rtc_cmos: setting system clock to 2019-01-06 16:20:22 UTC (1546791622)
[    3.029611] BIOS EDD facility v0.16 2004-Jun-25, 0 devices found
[    3.034122] EDD information not available.
[    3.042212] Freeing unused kernel memory: 952K
[    3.056749] Write protecting the kernel text: 8056k
[    3.058452] Write protecting the kernel read-only data: 3184k
[    3.060503] NX-protecting the kernel data: 6280k
Loading, please wait...
starting version 229
[    3.085630] random: systemd-udevd: uninitialized urandom read (16 bytes read, 2 bits of entropy available)
[    3.088825] random: systemd-udevd: uninitialized urandom read (16 bytes read, 2 bits of entropy available)
[    3.093401] random: udevadm: uninitialized urandom read (16 bytes read, 2 bits of entropy available)
[    3.103817] random: systemd-udevd: uninitialized urandom read (16 bytes read, 2 bits of entropy available)
[    3.146488] random: udevadm: uninitialized urandom read (16 bytes read, 2 bits of entropy available)
[    3.192837] random: udevadm: uninitialized urandom read (16 bytes read, 2 bits of entropy available)
[    3.204854] random: udevadm: uninitialized urandom read (16 bytes read, 2 bits of entropy available)
[    3.215884] tsc: Refined TSC clocksource calibration: 2396.014 MHz
[    3.218326] clocksource: tsc: mask: 0xffffffffffffffff max_cycles: 0x2289823826b, max_idle_ns: 440795324473 ns
[    3.234755] random: udevadm: uninitialized urandom read (16 bytes read, 2 bits of entropy available)
[    3.253173] random: udevadm: uninitialized urandom read (16 bytes read, 2 bits of entropy available)
[    3.256404] random: udevadm: uninitialized urandom read (16 bytes read, 2 bits of entropy available)
[    3.351871] Fusion MPT base driver 3.04.20
[    3.353351] Copyright (c) 1999-2008 LSI Corporation
[    3.370839] e1000: Intel(R) PRO/1000 Network Driver - version 7.3.21-k8-NAPI
[    3.373135] e1000: Copyright (c) 1999-2006 Intel Corporation.
[    3.464313] Fusion MPT SPI Host driver 3.04.20
[    3.599555] input: ImExPS/2 Generic Explorer Mouse as /devices/platform/i8042/serio1/input/input4
[    3.901704] e1000 0000:00:03.0 eth0: (PCI:33MHz:32-bit) 02:9d:41:38:04:50
[    3.903787] e1000 0000:00:03.0 eth0: Intel(R) PRO/1000 Network Connection
[    3.907114] mptbase: ioc0: Initiating bringup
[    3.973166] ioc0: LSI53C1030 A0: Capabilities={Initiator}
[    4.146741] scsi host2: ioc0: LSI53C1030 A0, FwRev=00000000h, Ports=1, MaxQ=256, IRQ=20
[    4.266718] scsi 2:0:0:0: Direct-Access     VBOX     HARDDISK         1.0  PQ: 0 ANSI: 5
[    4.274584] scsi target2:0:0: Beginning Domain Validation
[    4.277716] scsi target2:0:0: Domain Validation skipping write tests
[    4.279617] scsi target2:0:0: Ending Domain Validation
[    4.285640] scsi target2:0:0: asynchronous
[    4.287655] scsi 2:0:1:0: Direct-Access     VBOX     HARDDISK         1.0  PQ: 0 ANSI: 5
[    4.290741] scsi target2:0:1: Beginning Domain Validation
[    4.294679] scsi target2:0:1: Domain Validation skipping write tests
[    4.297061] scsi target2:0:1: Ending Domain Validation
[    4.306171] scsi target2:0:1: asynchronous
[    4.446175] sd 2:0:0:0: Attached scsi generic sg0 type 0
[    4.448166] sd 2:0:0:0: [sda] 20971520 512-byte logical blocks: (10.7 GB/10.0 GiB)
[    4.451433] sd 2:0:1:0: [sdb] 20480 512-byte logical blocks: (10.5 MB/10.0 MiB)
[    4.456261] sd 2:0:1:0: Attached scsi generic sg1 type 0
[    4.460247] sd 2:0:0:0: [sda] Write Protect is off
[    4.467070] sd 2:0:0:0: [sda] Incomplete mode parameter data
[    4.469912] sd 2:0:0:0: [sda] Assuming drive cache: write through
[    4.473943] sd 2:0:1:0: [sdb] Write Protect is off
[    4.487773] sd 2:0:1:0: [sdb] Incomplete mode parameter data
[    4.493451] sd 2:0:1:0: [sdb] Assuming drive cache: write through
[    4.506571]  sda: sda1
[    4.508752] sd 2:0:0:0: [sda] Attached SCSI disk
[    4.510460] sd 2:0:1:0: [sdb] Attached SCSI disk
[    4.770292] e1000 0000:00:08.0 eth1: (PCI:33MHz:32-bit) 08:00:27:9f:be:e4
[    4.774593] e1000 0000:00:08.0 eth1: Intel(R) PRO/1000 Network Connection
[    4.786428] e1000 0000:00:03.0 enp0s3: renamed from eth0
[    4.790788] e1000 0000:00:08.0 enp0s8: renamed from eth1
Begin: Loading essential drivers ... [    6.551981] md: linear personality registered for level -1
[    6.561144] md: multipath personality registered for level -4
[    6.571408] md: raid0 personality registered for level 0
[    6.583922] md: raid1 personality registered for level 1
[    6.673075] raid6: mmxx1    gen()  1424 MB/s
[    6.740927] raid6: mmxx2    gen()  2310 MB/s
[    6.812667] raid6: sse1x1   gen()  1332 MB/s
[    6.881011] raid6: sse1x2   gen()  2137 MB/s
[    6.948880] raid6: sse2x1   gen()  2588 MB/s
[    7.021112] raid6: sse2x1   xor()  1537 MB/s
[    7.088938] raid6: sse2x2   gen()  4730 MB/s
[    7.156807] raid6: sse2x2   xor()  2832 MB/s
[    7.224718] raid6: avx2x1   gen()  5265 MB/s
[    7.292606] raid6: avx2x2   gen()  9288 MB/s
[    7.298528] raid6: using algorithm avx2x2 gen() 9288 MB/s
[    7.300467] raid6: using avx2x1 recovery algorithm
[    7.318457] xor: automatically using best checksumming function:
[    7.368679]    avx       : 17109.000 MB/sec
[    7.376470] async_tx: api initialized (async)
[    7.416872] md: raid6 personality registered for level 6
[    7.427507] md: raid5 personality registered for level 5
[    7.429206] md: raid4 personality registered for level 4
[    7.443605] md: raid10 personality registered for level 10
done.
Begin: Running /scripts/init-premount ... done.
Begin: Mounting root file system ... Begin: Running /scripts/local-top ... done.
Begin: Running /scripts/local-premount ... [    7.523804] Btrfs loaded
Scanning for Btrfs filesystems
done.
Warning: fsck not present, so skipping root file system
[    7.583358] EXT4-fs (sda1): mounted filesystem with ordered data mode. Opts: (null)
done.
Begin: Running /scripts/local-bottom ... done.
Begin: Running /scripts/init-bottom ... done.
[    8.020554] systemd[1]: systemd 229 running in system mode. (+PAM +AUDIT +SELINUX +IMA +APPARMOR +SMACK +SYSVINIT +UTMP +LIBCRYPTSETUP +GCRYPT +GNUTLS +ACL +XZ -LZ4 +SECCOMP +BLKID +ELFUTILS +KMOD -IDN)
[    8.065548] systemd[1]: Detected virtualization oracle.
[    8.073256] systemd[1]: Detected architecture x86.

Welcome to [1mUbuntu 16.04.5 LTS[0m!

[    8.120416] systemd[1]: Set hostname to <kouosl>.
[    8.603400] random: nonblocking pool is initialized
[    8.624019] systemd[1]: Listening on LVM2 metadata daemon socket.
[[0;32m  OK  [0m] Listening on LVM2 metadata daemon socket.
[    8.630597] systemd[1]: Set up automount Arbitrary Executable File Formats File System Automount Point.
[[0;32m  OK  [0m] Set up automount Arbitrary Executab...ats File System Automount Point.
[    8.637378] systemd[1]: Listening on Journal Audit Socket.
[[0;32m  OK  [0m] Listening on Journal Audit Socket.
[    8.645725] systemd[1]: Listening on LVM2 poll daemon socket.
[[0;32m  OK  [0m] Listening on LVM2 poll daemon socket.
[    8.650288] systemd[1]: Started Forward Password Requests to Wall Directory Watch.
[[0;32m  OK  [0m] Started Forward Password Requests to Wall Directory Watch.
[    8.656916] systemd[1]: Created slice User and Session Slice.
[[0;32m  OK  [0m] Created slice User and Session Slice.
[    8.665581] systemd[1]: Created slice System Slice.
[[0;32m  OK  [0m] Created slice System Slice.
[    8.673636] systemd[1]: Created slice system-serial\x2dgetty.slice.
[[0;32m  OK  [0m] Created slice system-serial\x2dgetty.slice.
[    8.680128] systemd[1]: Listening on Journal Socket.
[[0;32m  OK  [0m] Listening on Journal Socket.
[    8.685121] systemd[1]: Starting Nameserver information manager...
         Starting Nameserver information manager...
[    8.713600] systemd[1]: Reached target Swap.
[[0;32m  OK  [0m] Reached target Swap.
[    8.719272] systemd[1]: Mounting Debug File System...
         Mounting Debug File System...
[    8.727406] systemd[1]: Reached target Slices.
[[0;32m  OK  [0m] Reached target Slices.
[    8.732947] systemd[1]: Started Trigger resolvconf update for networkd DNS.
[[0;32m  OK  [0m] Started Trigger resolvconf update for networkd DNS.
[    8.739925] systemd[1]: Mounting Huge Pages File System...
         Mounting Huge Pages File System...
[    8.757102] systemd[1]: Reached target System Time Synchronized.
[[0;32m  OK  [0m] Reached target System Time Synchronized.
[    8.795073] systemd[1]: Listening on /dev/initctl Compatibility Named Pipe.
[[0;32m  OK  [0m] Listening on /dev/initctl Compatibility Named Pipe.
[    8.812226] systemd[1]: Reached target Encrypted Volumes.
[[0;32m  OK  [0m] Reached target Encrypted Volumes.
[    8.818111] systemd[1]: Starting Set console keymap...
         Starting Set console keymap...
[    8.828888] systemd[1]: Listening on Journal Socket (/dev/log).
[[0;32m  OK  [0m] Listening on Journal Socket (/dev/log).
[    8.841838] systemd[1]: Starting Remount Root and Kernel File Systems...
         Starting Remount Root and Kernel File Systems...
[    8.853996] systemd[1]: Starting Uncomplicated firewall...
         Starting Uncomplicated firewall...
[    8.859554] systemd[1]: Listening on udev Control Socket.
[[0;32m  OK  [0m] Listening on udev Control Socket.
[    8.866592] systemd[1]: Listening on udev Kernel Socket.
[[0;32m  OK  [0m] Listening on udev Kernel Socket.
[    8.881925] EXT4-fs (sda1): re-mounted. Opts: (null)
[    8.894894] systemd[1]: Starting Load Kernel Modules...
         Starting Load Kernel Modules...
[    8.903427] systemd[1]: Mounting POSIX Message Queue File System...
         Mounting POSIX Message Queue File System...
[    8.920941] systemd[1]: Reached target User and Group Name Lookups.
[[0;32m  OK  [0m] Reached target User and Group Name Lookups.
[    8.937078] systemd[1]: Listening on Syslog Socket.
[[0;32m  OK  [0m] Listening on Syslog Socket.
[    8.965915] systemd[1]: Starting Journal Service...
         [    8.970264] Loading iSCSI transport class v2.0-870.
Starting Journal Service...
[    8.974850] systemd[1]: Listening on Device-mapper event daemon FIFOs.
[[0;32m  OK  [0m] Listening on Device-mapper event daemon FIFOs.
[    8.986303] systemd[1]: Starting Monitoring of LVM2 mirrors, snapshots etc. using dmeventd or progress polling...
         Starting Monitoring of LVM2 mirrors... dmeventd or progress polling...
[    9.005795] systemd[1]: Starting Create list of required static device nodes for the current kernel...
         Starting Create list of required st... nodes for the current kernel...
[    9.023375] systemd[1]: Mounted Huge Pages File System.
[[0;32m  OK  [0m] Mounted Huge Pages File System.
[    9.048884] systemd[1]: Mounted POSIX Message Queue File System.
[[0;32m  OK  [0m] Mounted POSIX Message Queue File System.
[    9.057308] systemd[1]: Mounted Debug File System.
[[0;32m  OK  [0m] Mounted Debug File System.
[    9.077726] systemd[1]: Started Remount Root and Kernel File Systems.
[[0;32m  OK  [0m] Started Remount Root and Kernel File Systems.
[    9.107060] systemd[1]: Started Uncomplicated firewall.
[[0;32m  OK  [0m] Started Uncomplicated firewall.
[    9.116311] systemd[1]: Started Create list of required static device nodes for the current kernel.
[[0;32m  OK  [0m] Started Create list of required sta...ce nodes f[    9.133410] iscsi: registered transport (tcp)
or the current kernel.
[    9.136076] systemd[1]: Started Nameserver information manager.
[[0;32m  OK  [0m] Started Nameserver information manager.
[    9.379543] systemd[1]: Started Journal Service.
[[0;32m  OK  [0m] Started Journal Service.
[[0;32m  OK  [0m] Started LVM2 metadata daemon.
         Starting Create Static Device Nodes in /dev...
         Starting Load/Save Random Seed...
         Starting udev Coldplug all Devices...
         Starting Flush Journal to Persistent Storage...
[    9.646103] iscsi: registered transport (iser)
[[0;32m  OK  [0m] Started Load/Save Random Seed.
[[0;32m  OK  [0m] Started Load Kernel Modules.
[[0;32m  OK  [0m] Started Set console keymap.
[[0;32m  OK  [0m] Started Create Static Device Nodes in /dev.
[    9.821586] systemd-journald[406]: Received request to flush runtime journal from PID 1
         Starting udev Kernel Device Manager...
         Starting Apply Kernel Variables...
         Mounting FUSE Control File System...
[[0;32m  OK  [0m] Mounted FUSE Control File System.
[[0;32m  OK  [0m] Started Flush Journal to Persistent Storage.
[[0;32m  OK  [0m] Started udev Coldplug all Devices.
[[0;32m  OK  [0m] Started Apply Kernel Variables.
[[0;32m  OK  [0m] Started udev Kernel Device Manager.
[[0;32m  OK  [0m] Started Dispatch Password Requests to Console Directory Watch.
[[0;32m  OK  [0m] Started Monitoring of LVM2 mirrors,...ng dmeventd or progress polling.
[[0;32m  OK  [0m] Reached target Local File Systems (Pre).
[[0;32m  OK  [0m] Reached target Local File Systems.
         Starting LSB: AppArmor initialization...
         Starting Tell Plymouth To Write Out Runtime Data...
         Starting Create Volatile Files and Directories...
         Starting Set console font and keymap...
         Starting Initial cloud-init job (pre-networking)...
[[0;32m  OK  [0m] Started Tell Plymouth To Write Out Runtime Data.
[[0;32m  OK  [0m] Started Create Volatile Files and Directories.
         Starting Update UTMP about System Boot/Shutdown...
[[0;32m  OK  [0m] Started Update UTMP about System Boot/Shutdown.
[[0;32m  OK  [0m] Found device /dev/ttyS0.
[[0;32m  OK  [0m] Found device 82540EM Gigabit Ethern...r (PRO/1000 MT Desktop Adapter).
[[0;32m  OK  [0m] Started LSB: AppArmor initialization.
[[0;32m  OK  [0m] Found device 82540EM Gigabit Ethern...r (PRO/1000 MT Desktop Adapter).
[[0;32m  OK  [0m] Listening on Load/Save RF Kill Switch Status /dev/rfkill Watch.
[[0;32m  OK  [0m] Started Set console font and keymap.
[[0;32m  OK  [0m] Created slice system-getty.slice.
[   13.967780] cloud-init[508]: Cloud-init v. 18.4-0ubuntu1~16.04.2 running 'init-local' at Sun, 06 Jan 2019 16:20:33 +0000. Up 13.25 seconds.
[[0;32m  OK  [0m] Started Initial cloud-init job (pre-networking).
[[0;32m  OK  [0m] Reached target Network (Pre).
         Starting Raise network interfaces...
[[0;32m  OK  [0m] Started ifup for enp0s8.
[[0;32m  OK  [0m] Started ifup for enp0s3.
[[0;32m  OK  [0m] Started Raise network interfaces.
[[0;32m  OK  [0m] Reached target Network.
         Starting Initial cloud-init job (metadata service crawler)...
[   16.353754] cloud-init[1081]: Cloud-init v. 18.4-0ubuntu1~16.04.2 running 'init' at Sun, 06 Jan 2019 16:20:35 +0000. Up 15.41 seconds.
[   16.364867] cloud-init[1081]: ci-info: ++++++++++++++++++++++++++++++++++++++Net device info+++++++++++++++++++++++++++++++++++++++
[   16.388289] cloud-init[1081]: ci-info: +--------+------+-----------------------------+---------------+--------+-------------------+
[   16.401929] cloud-init[1081]: ci-info: | Device |  Up  |           Address           |      Mask     | Scope  |     Hw-Address    |
[   16.412187] cloud-init[1081]: ci-info: +--------+------+-----------------------------+---------------+--------+-------------------+
[   16.417050] cloud-init[1081]: ci-info: | enp0s3 | True |          10.0.2.15          | 255.255.255.0 | global | 02:9d:41:38:04:50 |
[   16.423441] cloud-init[1081]: ci-info: | enp0s3 | True |  fe80::9d:41ff:fe38:450/64  |       .       |  link  | 02:9d:41:38:04:50 |
[   16.429189] cloud-init[1081]: ci-info: | enp0s8 | True |        192.168.83.137       | 255.255.255.0 | global | 08:00:27:9f:be:e4 |
[   16.435293] cloud-init[1081]: ci-info: | enp0s8 | True | fe80::a00:27ff:fe9f:bee4/64 |       .       |  link  | 08:00:27:9f:be:e4 |
[   16.440609] cloud-init[1081]: ci-info: |   lo   | True |          127.0.0.1          |   255.0.0.0   |  host  |         .         |
[   16.448441] cloud-init[1081]: ci-info: |   lo   | True |           ::1/128           |       .       |  host  |         .         |
[   16.452687] cloud-init[1081]: ci-info: +--------+------+-----------------------------+---------------+--------+-------------------+
[   16.457873] cloud-init[1081]: ci-info: ++++++++++++++++++++++++++++Route IPv4 info++++++++++++++++++++++++++++
[   16.480409] cloud-init[1081]: ci-info: +-------+--------------+----------+---------------+-----------+-------+
[[   16.492352] cloud-init[1081]: ci-info: | Route | Destination  | Gateway  |    Genmask    | Interface | Flags |
[   16.493159] cloud-init[1081]: ci-info: +-------+--------------+----------+---------------+-----------+-------+
[   16.493363] cloud-init[1081]: ci-info: |   0   |   0.0.0.0    | 10.0.2.2 |    0.0.0.0    |   enp0s3  |   UG  |
[   16.493611] cloud-init[1081]: ci-info: |   1   |   10.0.2.0   | 0.0.0.0  | 255.255.255.0 |   enp0s3  |   U   |
[   16.493815] cloud-init[1081]: ci-info: |   2   | 192.168.83.0 | 0.0.0.0  | 255.255.255.0 |   enp0s8  |   U   |
[   16.494034] cloud-init[1081]: ci-info: +-------+--------------+----------+---------------+-----------+-------+
[   16.494246] cloud-init[1081]: ci-info: +++++++++++++++++++Route IPv6 info+++++++++++++++++++
[   16.494447] cloud-init[1081]: ci-info: +-------+-------------+---------+-----------+-------+
[   16.495014] cloud-init[1081]: ci-info: | Route | Destination | Gateway | Interface | Flags |
[   16.495217] cloud-init[1081]: ci-info: +-------+-------------+---------+-----------+-------+
[   16.495418] cloud-init[1081]: ci-info: |   0   |  fe80::/64  |    ::   |   enp0s8  |   U   |
[   16.495655] cloud-init[1081]: ci-info: |   1   |  fe80::/64  |    ::   |   enp0s3  |   U   |
[   16.495859] cloud-init[1081]: ci-info: |   5   |   ff00::/8  |    ::   |   enp0s8  |   U   |
[0;32m  OK  [0m] Started Initial cloud-init job (metadata service crawler).
[   16.496167] cloud-init[1081]: ci-info: |   6   |   ff00::/8  |    ::   |   enp0s3  |   U   |
[   16.637435] cloud-init[1081]: ci-info: +-------+-------------+---------+-----------+-------+
[[0;32m  OK  [0m] Reached target Network is Online.
         Starting iSCSI initiator daemon (iscsid)...
[[0;32m  OK  [0m] Reached target Cloud-config availability.
[[0;32m  OK  [0m] Reached target System Initialization.
         Starting Socket activation for snappy daemon.
[[0;32m  OK  [0m] Listening on ACPID Listen Socket.
[[0;32m  OK  [0m] Listening on UUID daemon activation socket.
         Starting LXD - unix socket.
[[0;32m  OK  [0m] Started Daily Cleanup of Temporary Directories.
[[0;32m  OK  [0m] Started Daily apt download activities.
[[0;32m  OK  [0m] Started Daily apt upgrade and clean activities.
[[0;32m  OK  [0m] Reached target Timers.
[[0;32m  OK  [0m] Listening on D-Bus System Message Bus Socket.
[[0;32m  OK  [0m] Started ACPI Events Check.
[[0;32m  OK  [0m] Reached target Paths.
[[0;32m  OK  [0m] Listening on Socket activation for snappy daemon.
[[0;32m  OK  [0m] Listening on LXD - unix socket.
[[0;32m  OK  [0m] Started iSCSI initiator daemon (iscsid).
         Starting Login to default iSCSI targets...
[[0;32m  OK  [0m] Reached target Sockets.
[[0;32m  OK  [0m] Reached target Basic System.
[[0;32m  OK  [0m] Started Regular background program processing daemon.
[[0;32m  OK  [0m] Started ACPI event daemon.
         Starting System Logging Service...
         Starting Virtualbox guest utils...
         Starting LSB: Record successful boot for GRUB...
         Starting Accounts Service...
         Starting Login Service...
         Starting LXD - container startup/shutdown...
[[0;32m  OK  [0m] Started Deferred execution scheduler.
[[0;32m  OK  [0m] Started D-Bus System Message Bus.
[[0;32m  OK  [0m] Started Unattended Upgrades Shutdown.
         Starting LSB: MD monitoring daemon...
[[0;32m  OK  [0m] Started FUSE filesystem for LXC.
         Starting OpenBSD Secure Shell server...
         Starting /etc/rc.local Compatibility...
         Starting Snappy daemon...
[[0;32m  OK  [0m] Started System Logging Service.
[[0;32m  OK  [0m] Started /etc/rc.local Compatibility.
[[0;32m  OK  [0m] Started Login to default iSCSI targets.
[[0;32m  OK  [0m] Started LSB: Record successful boot for GRUB.
[[0;32m  OK  [0m] Started Login Service.
         Starting Authenticate and Authorize Users to Run Privileged Tasks...
[[0;32m  OK  [0m] Reached target Remote File Systems (Pre).
[[0;32m  OK  [0m] Reached target Remote File Systems.
         Starting Permit User Sessions...
         Starting LSB: automatic crash report generation...
         Starting LSB: Apache2 web server...
         Starting LSB: Set the CPU Frequency Scaling governor to "ondemand"...
         Starting LSB: daemon to balance interrupts for SMP systems...
         Starting LSB: Start and stop the mysql database server daemon...
[[0;32m  OK  [0m] Started LSB: MD monitoring daemon.
[[0;32m  OK  [0m] Started Permit User Sessions.
[[0;32m  OK  [0m] Started LXD - container startup/shutdown.
[[0;32m  OK  [0m] Started LSB: Set the CPU Frequency Scaling governor to "ondemand".
[[0;32m  OK  [0m] Started Authenticate and Authorize Users to Run Privileged Tasks.
[[0;32m  OK  [0m] Started Accounts Service.
         Starting Terminate Plymouth Boot Screen...
         Starting Hold until boot process finishes up...
[[0;32m  OK  [0m] Started Terminate Plymouth Boot Screen.
[[0;32m  OK  [0m] Started Hold until boot process finishes up.
[[0;32m  OK  [0m] Started Getty on tty1.
[[0;32m  OK  [0m] Started Serial Getty on ttyS0.
[[0;32m  OK  [0m] Reached target Login Prompts.
         Starting Set console scheme...
[[0;32m  OK  [0m] Started LSB: automatic crash report generation.
[[0;32m  OK  [0m] Started LSB: daemon to balance interrupts for SMP systems.
[[0;32m  OK  [0m] Started Set console scheme.
[[0;32m  OK  [0m] Started Virtualbox guest utils.
[[0;32m  OK  [0m] Started OpenBSD Secure Shell server.
[[0;32m  OK  [0m] Started Snappy daemon.
         Starting Wait until snapd is fully seeded...
[[0;32m  OK  [0m] Started Wait until snapd is fully seeded.
         Starting Apply the settings specified in cloud-config...
[[0;32m  OK  [0m] Created slice User Slice of vagrant.
         Starting User Manager for UID 1000...
[[0;32m  OK  [0m] Started Session 1 of user vagrant.
[[0;32m  OK  [0m] Started User Manager for UID 1000.
[   22.096700] cloud-init[1376]: Cloud-init v. 18.4-0ubuntu1~16.04.2 running 'modules:config' at Sun, 06 Jan 2019 16:20:41 +0000. Up 21.29 seconds.
[[0;32m  OK  [0m] Started Apply the settings specified in cloud-config.

Ubuntu 16.04.5 LTS kouosl ttyS0

kouosl login: [   29.695274] cloud-init[1813]: Cloud-init v. 18.4-0ubuntu1~16.04.2 running 'modules:final' at Sun, 06 Jan 2019 16:20:49 +0000. Up 29.33 seconds.
[   29.695990] cloud-init[1813]: Cloud-init v. 18.4-0ubuntu1~16.04.2 finished at Sun, 06 Jan 2019 16:20:50 +0000. Datasource DataSourceNoCloud [seed=/dev/sdb][dsmode=net].  Up 29.68 seconds
